<?xml version="1.0" encoding="UTF-8"?>
<testsuite xmlns:xsi="http://www.w3.org/2001/XMLSchema-instance" xsi:noNamespaceSchemaLocation="https://maven.apache.org/surefire/maven-surefire-plugin/xsd/surefire-test-report-3.0.xsd" version="3.0" name="service.MatcherServiceTest" time="0.01" tests="7" errors="0" skipped="0" failures="0">
  <properties>
[...]
</properties>
  <testcase name="testEmptyInputShouldReturnNoMatch" classname="service.MatcherServiceTest" time="0.003">
    <system-out><![CDATA[
🧪 [Empty Alerts List Test]
→ Alert Text     : [EMPTY]
→ Query Term     : explosion
→ Expected Match : 0
→ Actual Match   : 0
→ Matches        : []


🧪 [Empty Terms List Test]
→ Alert Text     : factory explosion in city
→ Query Term     : [EMPTY]
→ Expected Match : 0
→ Actual Match   : 0
→ Matches        : []

]]></system-out>
  </testcase>
  <testcase name="testCaseInsensitiveMatching" classname="service.MatcherServiceTest" time="0.0">
    <system-out><![CDATA[
🧪 [Case Insensitivity Test]
→ Alert Text     : FACTORY EXPLOSION reported downtown
→ Query Term     : factory explosion
→ Expected Match : 1
→ Actual Match   : 1
→ Matches        : [{"alert_id":"alert7", "term_id":107}]

]]></system-out>
  </testcase>
  <testcase name="testNoMatchDueToLanguageMismatch" classname="service.MatcherServiceTest" time="0.001">
    <system-out><![CDATA[
🧪 [Language Mismatch Test]
→ Alert Text     : strike at the plant
→ Query Term     : strike
→ Expected Match : 0
→ Actual Match   : 0
→ Matches        : []

]]></system-out>
  </testcase>
  <testcase name="testMultipleOccurrencesShouldStillMatchOnce" classname="service.MatcherServiceTest" time="0.001">
    <system-out><![CDATA[
🧪 [Multiple Occurrences Match Test]
→ Alert Text     : explosion explosion explosion at the factory
→ Query Term     : factory explosion
→ Expected Match : 1
→ Actual Match   : 1
→ Matches        : [{"alert_id":"alert6", "term_id":106}]

]]></system-out>
  </testcase>
  <testcase name="testFindMatchesWithUnorderedMatch" classname="service.MatcherServiceTest" time="0.001">
    <system-out><![CDATA[
🧪 [Unordered Match Test]
→ Alert Text     : explosion at a local factory
→ Query Term     : factory explosion
→ Expected Match : 1
→ Actual Match   : 1
→ Matches        : [{"alert_id":"alert2", "term_id":102}]

]]></system-out>
  </testcase>
  <testcase name="testFindMatchesWithOrderedMatch" classname="service.MatcherServiceTest" time="0.0">
    <system-out><![CDATA[
🧪 [Ordered Match Test]
→ Alert Text     : factory explosion in Berlin
→ Query Term     : factory explosion
→ Expected Match : 1
→ Actual Match   : 1
→ Matches        : [{"alert_id":"alert1", "term_id":101}]

]]></system-out>
  </testcase>
  <testcase name="testUnorderedPartialOverlapShouldNotMatch" classname="service.MatcherServiceTest" time="0.0">
    <system-out><![CDATA[
🧪 [Unordered Partial Overlap Test]
→ Alert Text     : explosion near the site
→ Query Term     : factory explosion
→ Expected Match : 0
→ Actual Match   : 0
→ Matches        : []

]]></system-out>
  </testcase>
</testsuite>