<?xml version="1.0" encoding="UTF-8"?>
<testsuite xmlns:xsi="http://www.w3.org/2001/XMLSchema-instance" xsi:noNamespaceSchemaLocation="https://maven.apache.org/surefire/maven-surefire-plugin/xsd/surefire-test-report-3.0.xsd" version="3.0" name="service.MockDataTest" time="0.038" tests="1" errors="0" skipped="0" failures="0">
  <properties>
[...]
</properties>
  <testcase name="testMockMatchIntegration" classname="service.MockDataTest" time="0.026">
    <system-out><![CDATA[
🧪 [Integration Test with Mock Data]
→ Query Terms Loaded: 3
→ Alerts Loaded     : 2
→ Matches Found     : 2
→ Match Results     : 
{"alert_id":"alert1", "term_id":101}
{"alert_id":"alert2", "term_id":102}
✅ Integration with mock data completed.

]]></system-out>
  </testcase>
</testsuite>